-------------------------------------------------------------------------------
Test set: kass.concurrente.tenedor.TenedorTest
-------------------------------------------------------------------------------
Tests run: 1, Failures: 1, Errors: 0, Skipped: 0, Time elapsed: 0.001 s <<< FAILURE! - in kass.concurrente.tenedor.TenedorTest
tenedorTest  Time elapsed: 0 s  <<< FAILURE!
org.opentest4j.AssertionFailedError: expected: <true> but was: <false>
	at kass.concurrente.tenedor.TenedorTest.tenedorTest(TenedorTest.java:51)

